<!DOCTYPE html PUBLIC "-//W3C//DTD XHTML 1.1//EN" "https://www.w3.org/TR/xhtml11/DTD/xhtml11.dtd">
<html xmlns="https://www.w3.org/1999/xhtml">
<head>
<meta http-equiv="content-type" content="text/html; charset=UTF-8"/>
<title>TestNG Report</title>
<style type="text/css">table {margin-bottom:10px;border-collapse:collapse;empty-cells:show}th,td {border:1px solid #009;padding:.25em .5em}th {vertical-align:bottom}td {vertical-align:top}table a {font-weight:bold}.stripe td {background-color: #E6EBF9}.num {text-align:right}.passedodd td {background-color: #3F3}.passedeven td {background-color: #0A0}.skippedodd td {background-color: #DDD}.skippedeven td {background-color: #CCC}.failedodd td,.attn {background-color: #F33}.failedeven td,.stripe .attn {background-color: #D00}.stacktrace {white-space:pre;font-family:monospace}.totop {font-size:85%;text-align:center;border-bottom:2px solid #000}.invisible {display:none}</style>
</head>
<body>
<table>
<tr><th>Test</th><th># Passed</th><th># Skipped</th><th># Retried</th><th># Failed</th><th>Time (ms)</th><th>Included Groups</th><th>Excluded Groups</th></tr>
<tr><th colspan="8">Login</th></tr>
<tr><td><a href="#t0">BothCorrect</a></td><td class="num">1</td><td class="num">0</td><td class="num">0</td><td class="num">0</td><td class="num">10,981</td><td></td><td></td></tr>
<tr class="stripe"><td><a href="#t1">Incorrect</a></td><td class="num">0</td><td class="num">0</td><td class="num">0</td><td class="num attn">1</td><td class="num">11,344</td><td></td><td></td></tr>
<tr><td><a href="#t2">CorrectPassword</a></td><td class="num">1</td><td class="num">0</td><td class="num">0</td><td class="num">0</td><td class="num">10,147</td><td></td><td></td></tr>
<tr class="stripe"><td><a href="#t3">CorrectUserName</a></td><td class="num">0</td><td class="num">0</td><td class="num">0</td><td class="num attn">1</td><td class="num">10,630</td><td></td><td></td></tr>
<tr><th>Total</th><th class="num">2</th><th class="num">0</th><th class="num">0</th><th class="num attn">2</th><th class="num">43,102</th><th colspan="2"></th></tr>
</table>
<table id='summary'><thead><tr><th>Class</th><th>Method</th><th>Start</th><th>Time (ms)</th></tr></thead><tbody><tr><th colspan="4">Login</th></tr></tbody><tbody id="t0"><tr><th colspan="4">BothCorrect &#8212; passed</th></tr><tr class="passedeven"><td rowspan="1">DataDrivenLoginTest.LoginTest</td><td><a href="#m0">loginTest</a></td><td rowspan="1">1746294944773</td><td rowspan="1">8744</td></tr></tbody>
<tbody id="t1"><tr><th colspan="4">Incorrect &#8212; failed</th></tr><tr class="failedeven"><td rowspan="1">DataDrivenLoginTest.LoginTest</td><td><a href="#m1">loginTest</a></td><td rowspan="1">1746294955690</td><td rowspan="1">9177</td></tr></tbody>
<tbody id="t2"><tr><th colspan="4">CorrectPassword &#8212; passed</th></tr><tr class="passedeven"><td rowspan="1">DataDrivenLoginTest.LoginTest</td><td><a href="#m2">loginTest</a></td><td rowspan="1">1746294969341</td><td rowspan="1">5674</td></tr></tbody>
<tbody id="t3"><tr><th colspan="4">CorrectUserName &#8212; failed</th></tr><tr class="failedeven"><td rowspan="1">DataDrivenLoginTest.LoginTest</td><td><a href="#m3">loginTest</a></td><td rowspan="1">1746294980019</td><td rowspan="1">5626</td></tr></tbody>
</table>
<h2>BothCorrect</h2><h3 id="m0">DataDrivenLoginTest.LoginTest#loginTest</h3><table class="result"><tr class="param"><th>Parameter #1</th><th>Parameter #2</th></tr><tr class="param stripe"><td>Admin</td><td>admin123</td></tr></table><p class="totop"><a href="#summary">back to summary</a></p>
<h2>Incorrect</h2><h3 id="m1">DataDrivenLoginTest.LoginTest#loginTest</h3><table class="result"><tr class="param"><th>Parameter #1</th><th>Parameter #2</th></tr><tr class="param stripe"><td>admin</td><td>Admin123</td></tr><tr><th colspan="2">Exception</th></tr><tr><td colspan="2"><div class="stacktrace">java.lang.AssertionError: expected [true] but found [false]
	at DataDrivenLoginTest.LoginTest.loginTest(LoginTest.java:39)
	at java.base/java.util.ArrayList.forEach(ArrayList.java:1604)
	at com.intellij.rt.testng.IDEARemoteTestNG.run(IDEARemoteTestNG.java:65)
	at com.intellij.rt.testng.RemoteTestNGStarter.main(RemoteTestNGStarter.java:105)
... Removed 26 stack frames</div></td></tr></table><p class="totop"><a href="#summary">back to summary</a></p>
<h2>CorrectPassword</h2><h3 id="m2">DataDrivenLoginTest.LoginTest#loginTest</h3><table class="result"><tr class="param"><th>Parameter #1</th><th>Parameter #2</th></tr><tr class="param stripe"><td>admin</td><td>admin123</td></tr></table><p class="totop"><a href="#summary">back to summary</a></p>
<h2>CorrectUserName</h2><h3 id="m3">DataDrivenLoginTest.LoginTest#loginTest</h3><table class="result"><tr class="param"><th>Parameter #1</th><th>Parameter #2</th></tr><tr class="param stripe"><td>Admin</td><td>Admin123</td></tr><tr><th colspan="2">Exception</th></tr><tr><td colspan="2"><div class="stacktrace">java.lang.AssertionError: expected [true] but found [false]
	at DataDrivenLoginTest.LoginTest.loginTest(LoginTest.java:39)
	at java.base/java.util.ArrayList.forEach(ArrayList.java:1604)
	at com.intellij.rt.testng.IDEARemoteTestNG.run(IDEARemoteTestNG.java:65)
	at com.intellij.rt.testng.RemoteTestNGStarter.main(RemoteTestNGStarter.java:105)
... Removed 26 stack frames</div></td></tr></table><p class="totop"><a href="#summary">back to summary</a></p>
</body>
</html>
